<?xml version="1.0" encoding="utf-8"?><testsuites name="pytest tests"><testsuite name="pytest" errors="0" failures="0" skipped="0" tests="32" time="2.850" timestamp="2026-09-08T06:53:25.069004+00:00" hostname="agent-env-71a444d4-6bc4-40f5-865c-882b58daf621"><testcase classname="tests.test_review_flows.TestPublicAPI" name="test_clinic" time="0.580" /><testcase classname="tests.test_review_flows.TestPublicAPI" name="test_services_list" time="0.023" /><testcase classname="tests.test_review_flows.TestBookingValidation" name="test_booking_bad_phone" time="0.629" /><testcase classname="tests.test_review_flows.TestPublicAPI" name="test_doctors_list" time="0.057" /><testcase classname="tests.test_review_flows.TestBookingValidation" name="test_booking_bad_name" time="0.058" /><testcase classname="tests.test_review_flows.TestPublicAPI" name="test_testimonials_list" time="0.024" /><testcase classname="tests.test_review_flows.TestBookingValidation" name="test_booking_consent_required" time="0.078" /><testcase classname="tests.test_review_flows.TestPublicAPI" name="test_availability" time="0.080" /><testcase classname="tests.test_review_flows.TestBookingValidation" name="test_booking_honeypot" time="0.023" /><testcase classname="tests.test_review_flows.TestPublicAPI" name="test_availability_calendar" time="0.027" /><testcase classname="tests.test_review_flows.TestAdminAuth" name="test_unauthenticated_dashboard" time="0.079" /><testcase classname="tests.test_review_flows.TestAdminResources" name="test_doctors_list" time="0.003" /><testcase classname="tests.test_review_flows.TestAdminResources" name="test_services_list_toggle" time="0.044" /><testcase classname="tests.test_review_flows.TestAdminResources" name="test_schedule_day" time="0.059" /><testcase classname="tests.test_review_flows.TestAdminAuth" name="test_wrong_password" time="0.257" /><testcase classname="tests.test_review_flows.TestAdminResources" name="test_schedule_override_lifecycle" time="0.263" /><testcase classname="tests.test_review_flows.TestAdminAuth" name="test_me" time="0.007" /><testcase classname="tests.test_review_flows.TestAdminAuth" name="test_dashboard_overview" time="0.050" /><testcase classname="tests.test_review_flows.TestSettings" name="test_get_settings" time="0.045" /><testcase classname="tests.test_review_flows.TestExports" name="test_appointments_csv_requires_auth" time="0.022" /><testcase classname="tests.test_review_flows.TestExports" name="test_appointments_csv_auth" time="0.046" /><testcase classname="tests.test_review_flows.TestSettings" name="test_settings_invalid" time="0.087" /><testcase classname="tests.test_review_flows.TestExports" name="test_patients_csv_auth" time="0.045" /><testcase classname="tests.test_review_flows.TestBookingLifecycle" name="test_full_booking_and_capacity_release" time="0.115" /><testcase classname="tests.test_review_flows.TestSettings" name="test_manual_acceptance_mode_then_restore" time="0.170" /><testcase classname="tests.test_review_flows.TestBookingLifecycle" name="test_invalid_transition" time="0.149" /><testcase classname="tests.test_review_flows.TestWebhook" name="test_get_webhook_not_configured" time="0.022" /><testcase classname="tests.test_review_flows.TestWebhook" name="test_post_webhook_no_signature" time="0.023" /><testcase classname="tests.test_review_flows.TestRateLimit" name="test_rate_limit_public_booking" time="0.321" /><testcase classname="tests.test_review_flows.TestTestimonials" name="test_publish_requires_consent" time="0.044" /><testcase classname="tests.test_review_flows.TestCallbacks" name="test_create_callback" time="0.064" /><testcase classname="tests.test_review_flows.TestMFA" name="test_setup_and_disable" time="0.437" /></testsuite></testsuites>